<?xml version="1.0" encoding="UTF-8"?>
<testsuite xmlns:xsi="http://www.w3.org/2001/XMLSchema-instance" xsi:noNamespaceSchemaLocation="https://maven.apache.org/surefire/maven-surefire-plugin/xsd/surefire-test-report.xsd" name="com.pluralsight.blog.Module1_Tests" time="9.483" tests="6" errors="0" skipped="0" failures="6">
  <properties>
[...]
</properties>
  <testcase name="task_1" classname="com.pluralsight.blog.Module1_Tests" time="0.812">
    <failure message="Task 1: `PostRepository` should extend 1 interface - `JpaRepository`. expected:&lt;1&gt; but was:&lt;0&gt;" type="java.lang.AssertionError"><![CDATA[java.lang.AssertionError: Task 1: `PostRepository` should extend 1 interface - `JpaRepository`. expected:<1> but was:<0>
	at com.pluralsight.blog.Module1_Tests.task_1(Module1_Tests.java:73)
]]></failure>
    <system-out><![CDATA[14:22:15.201 [main] DEBUG org.springframework.test.context.junit4.SpringJUnit4ClassRunner - SpringJUnit4ClassRunner constructor called with [class com.pluralsight.blog.Module1_Tests]
14:22:15.206 [main] DEBUG org.springframework.test.context.BootstrapUtils - Instantiating CacheAwareContextLoaderDelegate from class [org.springframework.test.context.cache.DefaultCacheAwareContextLoaderDelegate]
14:22:15.217 [main] DEBUG org.springframework.test.context.BootstrapUtils - Instantiating BootstrapContext using constructor [public org.springframework.test.context.support.DefaultBootstrapContext(java.lang.Class,org.springframework.test.context.CacheAwareContextLoaderDelegate)]
14:22:15.277 [main] DEBUG org.springframework.test.context.BootstrapUtils - Instantiating TestContextBootstrapper for test class [com.pluralsight.blog.Module1_Tests] from class [org.springframework.boot.test.context.SpringBootTestContextBootstrapper]
14:22:15.294 [main] INFO org.springframework.boot.test.context.SpringBootTestContextBootstrapper - Neither @ContextConfiguration nor @ContextHierarchy found for test class [com.pluralsight.blog.Module1_Tests], using SpringBootContextLoader
14:22:15.301 [main] DEBUG org.springframework.test.context.support.AbstractContextLoader - Did not detect default resource location for test class [com.pluralsight.blog.Module1_Tests]: class path resource [com/pluralsight/blog/Module1_Tests-context.xml] does not exist
14:22:15.303 [main] DEBUG org.springframework.test.context.support.AbstractContextLoader - Did not detect default resource location for test class [com.pluralsight.blog.Module1_Tests]: class path resource [com/pluralsight/blog/Module1_TestsContext.groovy] does not exist
14:22:15.303 [main] INFO org.springframework.test.context.support.AbstractContextLoader - Could not detect default resource locations for test class [com.pluralsight.blog.Module1_Tests]: no resource found for suffixes {-context.xml, Context.groovy}.
14:22:15.305 [main] INFO org.springframework.test.context.support.AnnotationConfigContextLoaderUtils - Could not detect default configuration classes for test class [com.pluralsight.blog.Module1_Tests]: Module1_Tests does not declare any static, non-private, non-final, nested classes annotated with @Configuration.
14:22:15.376 [main] DEBUG org.springframework.test.context.support.ActiveProfilesUtils - Could not find an 'annotation declaring class' for annotation type [org.springframework.test.context.ActiveProfiles] and class [com.pluralsight.blog.Module1_Tests]
14:22:15.492 [main] DEBUG org.springframework.context.annotation.ClassPathScanningCandidateComponentProvider - Identified candidate component class: file [/home/cyph3r/Documents/LAO/java-spring-rest-blog/target/classes/com/pluralsight/blog/BlogApplication.class]
14:22:15.494 [main] INFO org.springframework.boot.test.context.SpringBootTestContextBootstrapper - Found @SpringBootConfiguration com.pluralsight.blog.BlogApplication for test class com.pluralsight.blog.Module1_Tests
14:22:15.605 [main] DEBUG org.springframework.boot.test.context.SpringBootTestContextBootstrapper - @TestExecutionListeners is not present for class [com.pluralsight.blog.Module1_Tests]: using defaults.
14:22:15.606 [main] INFO org.springframework.boot.test.context.SpringBootTestContextBootstrapper - Loaded default TestExecutionListener class names from location [META-INF/spring.factories]: [org.springframework.boot.test.mock.mockito.MockitoTestExecutionListener, org.springframework.boot.test.mock.mockito.ResetMocksTestExecutionListener, org.springframework.boot.test.autoconfigure.restdocs.RestDocsTestExecutionListener, org.springframework.boot.test.autoconfigure.web.client.MockRestServiceServerResetTestExecutionListener, org.springframework.boot.test.autoconfigure.web.servlet.MockMvcPrintOnlyOnFailureTestExecutionListener, org.springframework.boot.test.autoconfigure.web.servlet.WebDriverTestExecutionListener, org.springframework.test.context.web.ServletTestExecutionListener, org.springframework.test.context.support.DirtiesContextBeforeModesTestExecutionListener, org.springframework.test.context.support.DependencyInjectionTestExecutionListener, org.springframework.test.context.support.DirtiesContextTestExecutionListener, org.springframework.test.context.transaction.TransactionalTestExecutionListener, org.springframework.test.context.jdbc.SqlScriptsTestExecutionListener]
14:22:15.637 [main] INFO org.springframework.boot.test.context.SpringBootTestContextBootstrapper - Using TestExecutionListeners: [org.springframework.test.context.web.ServletTestExecutionListener@51c668e3, org.springframework.test.context.support.DirtiesContextBeforeModesTestExecutionListener@2e6a8155, org.springframework.boot.test.mock.mockito.MockitoTestExecutionListener@6221a451, org.springframework.boot.test.autoconfigure.SpringBootDependencyInjectionTestExecutionListener@52719fb6, org.springframework.test.context.support.DirtiesContextTestExecutionListener@3012646b, org.springframework.test.context.transaction.TransactionalTestExecutionListener@4a883b15, org.springframework.test.context.jdbc.SqlScriptsTestExecutionListener@25641d39, org.springframework.boot.test.mock.mockito.ResetMocksTestExecutionListener@7b36aa0c, org.springframework.boot.test.autoconfigure.restdocs.RestDocsTestExecutionListener@5824a83d, org.springframework.boot.test.autoconfigure.web.client.MockRestServiceServerResetTestExecutionListener@537f60bf, org.springframework.boot.test.autoconfigure.web.servlet.MockMvcPrintOnlyOnFailureTestExecutionListener@5677323c, org.springframework.boot.test.autoconfigure.web.servlet.WebDriverTestExecutionListener@18df8434]
14:22:15.649 [main] DEBUG org.springframework.test.annotation.ProfileValueUtils - Retrieved @ProfileValueSourceConfiguration [null] for test class [com.pluralsight.blog.Module1_Tests]
14:22:15.651 [main] DEBUG org.springframework.test.annotation.ProfileValueUtils - Retrieved ProfileValueSource type [class org.springframework.test.annotation.SystemProfileValueSource] for class [com.pluralsight.blog.Module1_Tests]
14:22:15.659 [main] DEBUG org.springframework.test.annotation.ProfileValueUtils - Retrieved @ProfileValueSourceConfiguration [null] for test class [com.pluralsight.blog.Module1_Tests]
14:22:15.659 [main] DEBUG org.springframework.test.annotation.ProfileValueUtils - Retrieved ProfileValueSource type [class org.springframework.test.annotation.SystemProfileValueSource] for class [com.pluralsight.blog.Module1_Tests]
14:22:15.673 [main] DEBUG org.springframework.test.annotation.ProfileValueUtils - Retrieved @ProfileValueSourceConfiguration [null] for test class [com.pluralsight.blog.Module1_Tests]
14:22:15.674 [main] DEBUG org.springframework.test.annotation.ProfileValueUtils - Retrieved ProfileValueSource type [class org.springframework.test.annotation.SystemProfileValueSource] for class [com.pluralsight.blog.Module1_Tests]
14:22:15.679 [main] DEBUG org.springframework.test.context.support.AbstractDirtiesContextTestExecutionListener - Before test class: context [DefaultTestContext@6892b3b6 testClass = Module1_Tests, testInstance = [null], testMethod = [null], testException = [null], mergedContextConfiguration = [WebMergedContextConfiguration@6e6f2380 testClass = Module1_Tests, locations = '{}', classes = '{class com.pluralsight.blog.BlogApplication}', contextInitializerClasses = '[]', activeProfiles = '{}', propertySourceLocations = '{}', propertySourceProperties = '{org.springframework.boot.test.context.SpringBootTestContextBootstrapper=true}', contextCustomizers = set[org.springframework.boot.test.context.filter.ExcludeFilterContextCustomizer@4278a03f, org.springframework.boot.test.json.DuplicateJsonObjectContextCustomizerFactory$DuplicateJsonObjectContextCustomizer@124c278f, org.springframework.boot.test.mock.mockito.MockitoContextCustomizer@0, org.springframework.boot.test.web.client.TestRestTemplateContextCustomizer@163e4e87, org.springframework.boot.test.autoconfigure.properties.PropertyMappingContextCustomizer@0, org.springframework.boot.test.autoconfigure.web.servlet.WebDriverContextCustomizerFactory$Customizer@794cb805], resourceBasePath = 'src/main/webapp', contextLoader = 'org.springframework.boot.test.context.SpringBootContextLoader', parent = [null]], attributes = map['org.springframework.test.context.web.ServletTestExecutionListener.activateListener' -> true]], class annotated with @DirtiesContext [false] with mode [null].
14:22:15.681 [main] DEBUG org.springframework.test.annotation.ProfileValueUtils - Retrieved @ProfileValueSourceConfiguration [null] for test class [com.pluralsight.blog.Module1_Tests]
14:22:15.681 [main] DEBUG org.springframework.test.annotation.ProfileValueUtils - Retrieved ProfileValueSource type [class org.springframework.test.annotation.SystemProfileValueSource] for class [com.pluralsight.blog.Module1_Tests]
14:22:15.806 [main] DEBUG org.springframework.test.context.support.TestPropertySourceUtils - Adding inlined properties to environment: {spring.jmx.enabled=false, org.springframework.boot.test.context.SpringBootTestContextBootstrapper=true, server.port=-1}

  .   ____          _            __ _ _
 /\\ / ___'_ __ _ _(_)_ __  __ _ \ \ \ \
( ( )\___ | '_ | '_| | '_ \/ _` | \ \ \ \
 \\/  ___)| |_)| | | | | || (_| |  ) ) ) )
  '  |____| .__|_| |_|_| |_\__, | / / / /
 =========|_|==============|___/=/_/_/_/
 :: Spring Boot ::        (v2.1.9.RELEASE)

2021-08-13 14:22:16.259  INFO 36210 --- [           main] com.pluralsight.blog.Module1_Tests       : Starting Module1_Tests on beroot with PID 36210 (started by cyph3r in /home/cyph3r/Documents/LAO/java-spring-rest-blog)
2021-08-13 14:22:16.273  INFO 36210 --- [           main] com.pluralsight.blog.Module1_Tests       : No active profile set, falling back to default profiles: default
2021-08-13 14:22:17.823  INFO 36210 --- [           main] .s.d.r.c.RepositoryConfigurationDelegate : Bootstrapping Spring Data repositories in DEFAULT mode.
2021-08-13 14:22:17.871  INFO 36210 --- [           main] .s.d.r.c.RepositoryConfigurationDelegate : Finished Spring Data repository scanning in 35ms. Found 0 repository interfaces.
2021-08-13 14:22:18.654  INFO 36210 --- [           main] trationDelegate$BeanPostProcessorChecker : Bean 'org.springframework.transaction.annotation.ProxyTransactionManagementConfiguration' of type [org.springframework.transaction.annotation.ProxyTransactionManagementConfiguration$$EnhancerBySpringCGLIB$$2583835a] is not eligible for getting processed by all BeanPostProcessors (for example: not eligible for auto-proxying)
2021-08-13 14:22:18.731  INFO 36210 --- [           main] trationDelegate$BeanPostProcessorChecker : Bean 'org.springframework.hateoas.config.HateoasConfiguration' of type [org.springframework.hateoas.config.HateoasConfiguration$$EnhancerBySpringCGLIB$$a503d08c] is not eligible for getting processed by all BeanPostProcessors (for example: not eligible for auto-proxying)
2021-08-13 14:22:19.028  INFO 36210 --- [           main] com.zaxxer.hikari.HikariDataSource       : HikariPool-1 - Starting...
2021-08-13 14:22:19.254  INFO 36210 --- [           main] com.zaxxer.hikari.HikariDataSource       : HikariPool-1 - Start completed.
2021-08-13 14:22:19.400  INFO 36210 --- [           main] o.hibernate.jpa.internal.util.LogHelper  : HHH000204: Processing PersistenceUnitInfo [
	name: default
	...]
2021-08-13 14:22:19.517  INFO 36210 --- [           main] org.hibernate.Version                    : HHH000412: Hibernate Core {5.3.12.Final}
2021-08-13 14:22:19.520  INFO 36210 --- [           main] org.hibernate.cfg.Environment            : HHH000206: hibernate.properties not found
2021-08-13 14:22:19.717  INFO 36210 --- [           main] o.hibernate.annotations.common.Version   : HCANN000001: Hibernate Commons Annotations {5.0.4.Final}
2021-08-13 14:22:19.897  INFO 36210 --- [           main] org.hibernate.dialect.Dialect            : HHH000400: Using dialect: org.hibernate.dialect.H2Dialect
2021-08-13 14:22:20.818  INFO 36210 --- [           main] o.h.t.schema.internal.SchemaCreatorImpl  : HHH000476: Executing import script 'org.hibernate.tool.schema.internal.exec.ScriptSourceInputNonExistentImpl@29532e91'
2021-08-13 14:22:20.823  INFO 36210 --- [           main] j.LocalContainerEntityManagerFactoryBean : Initialized JPA EntityManagerFactory for persistence unit 'default'
2021-08-13 14:22:21.787  INFO 36210 --- [           main] .s.s.UserDetailsServiceAutoConfiguration : 

Using generated security password: e6aab9ab-abd0-46fd-bf53-b4bebd4a54ed

2021-08-13 14:22:21.975  INFO 36210 --- [           main] o.s.s.web.DefaultSecurityFilterChain     : Creating filter chain: any request, [org.springframework.security.web.context.request.async.WebAsyncManagerIntegrationFilter@67823972, org.springframework.security.web.context.SecurityContextPersistenceFilter@a97a895, org.springframework.security.web.header.HeaderWriterFilter@5d20195b, org.springframework.security.web.authentication.logout.LogoutFilter@5342032a, org.springframework.security.web.savedrequest.RequestCacheAwareFilter@359fa722, org.springframework.security.web.servletapi.SecurityContextHolderAwareRequestFilter@3731e8b6, org.springframework.security.web.authentication.AnonymousAuthenticationFilter@1f1574c, org.springframework.security.web.session.SessionManagementFilter@20e48e63, org.springframework.security.web.access.ExceptionTranslationFilter@62615be, org.springframework.security.web.access.intercept.FilterSecurityInterceptor@3f1fb139]
2021-08-13 14:22:22.635  INFO 36210 --- [           main] o.s.s.concurrent.ThreadPoolTaskExecutor  : Initializing ExecutorService 'applicationTaskExecutor'
2021-08-13 14:22:22.726  WARN 36210 --- [           main] aWebConfiguration$JpaWebMvcConfiguration : spring.jpa.open-in-view is enabled by default. Therefore, database queries may be performed during view rendering. Explicitly configure spring.jpa.open-in-view to disable this warning
2021-08-13 14:22:23.384  INFO 36210 --- [           main] com.pluralsight.blog.Module1_Tests       : Started Module1_Tests in 7.561 seconds (JVM running for 8.931)
]]></system-out>
  </testcase>
  <testcase name="task_2" classname="com.pluralsight.blog.Module1_Tests" time="0.014">
    <failure message="Task 2: A field called `postRepository` of type `PostRepository` does not exist in `DatabaseLoader`." type="java.lang.AssertionError">java.lang.AssertionError: Task 2: A field called `postRepository` of type `PostRepository` does not exist in `DatabaseLoader`.
	at com.pluralsight.blog.Module1_Tests.task_2(Module1_Tests.java:94)
</failure>
  </testcase>
  <testcase name="task_3" classname="com.pluralsight.blog.Module1_Tests" time="0.106">
    <failure message="Task 3: Did not call the `PostRepository` `saveAll()` in the `DatabaseLoader` `run()` method." type="java.lang.AssertionError">java.lang.AssertionError: Task 3: Did not call the `PostRepository` `saveAll()` in the `DatabaseLoader` `run()` method.
	at com.pluralsight.blog.Module1_Tests.task_3(Module1_Tests.java:140)
</failure>
  </testcase>
  <testcase name="task_4" classname="com.pluralsight.blog.Module1_Tests" time="0.01">
    <failure message="Task 4: The `application.properties` file doesn&apos;t contain `spring.data.rest.default-page-size=8`." type="java.lang.AssertionError">java.lang.AssertionError: Task 4: The `application.properties` file doesn't contain `spring.data.rest.default-page-size=8`.
	at com.pluralsight.blog.Module1_Tests.task_4(Module1_Tests.java:157)
</failure>
  </testcase>
  <testcase name="task_5" classname="com.pluralsight.blog.Module1_Tests" time="0.009">
    <failure message="Task 5: The method `findByTitleContaining()` doesn&apos;t exist in the `PostRepository` class." type="java.lang.AssertionError">java.lang.AssertionError: Task 5: The method `findByTitleContaining()` doesn't exist in the `PostRepository` class.
	at com.pluralsight.blog.Module1_Tests.task_5(Module1_Tests.java:169)
</failure>
  </testcase>
  <testcase name="task_6" classname="com.pluralsight.blog.Module1_Tests" time="0.007">
    <failure message="Task 6: The method `findByTitleContaining()` doesn&apos;t exist in the `PostRepository` class." type="java.lang.AssertionError">java.lang.AssertionError: Task 6: The method `findByTitleContaining()` doesn't exist in the `PostRepository` class.
	at com.pluralsight.blog.Module1_Tests.task_6(Module1_Tests.java:181)
</failure>
  </testcase>
</testsuite>